TN:
SF:index.ts
FN:23,(anonymous_1)
FNF:1
FNH:1
FNDA:1,(anonymous_1)
DA:1,1
DA:3,1
DA:4,1
DA:5,1
DA:7,1
DA:9,1
DA:10,1
DA:12,1
DA:13,1
DA:20,1
DA:21,1
DA:23,1
DA:24,1
DA:27,1
LF:14
LH:14
BRF:0
BRH:0
end_of_record
TN:
SF:dist\index.js
FN:2,(anonymous_0)
FN:20,(anonymous_1)
FNF:2
FNH:2
FNDA:2,(anonymous_0)
FNDA:1,(anonymous_1)
DA:2,1
DA:3,2
DA:5,1
DA:6,1
DA:7,1
DA:8,1
DA:9,1
DA:10,1
DA:11,1
DA:12,1
DA:13,1
DA:14,1
DA:18,1
DA:19,1
DA:20,1
DA:21,1
DA:23,1
LF:17
LH:17
BRDA:2,0,0,1
BRDA:2,0,1,1
BRDA:2,0,2,1
BRDA:3,1,0,0
BRDA:3,1,1,2
BRDA:3,2,0,2
BRDA:3,2,1,2
BRF:7
BRH:6
end_of_record
TN:
SF:dist\helper\validator.js
FN:5,mongoIdValidator
FN:12,(anonymous_1)
FNF:2
FNH:1
FNDA:6,mongoIdValidator
FNDA:0,(anonymous_1)
DA:2,1
DA:3,1
DA:4,1
DA:6,6
DA:13,0
DA:14,0
DA:15,0
DA:17,0
DA:21,1
LF:9
LH:5
BRDA:14,0,0,0
BRDA:14,0,1,0
BRF:2
BRH:0
end_of_record
TN:
SF:dist\modules\goal\goal.controller.js
FN:2,(anonymous_0)
FN:3,adopt
FN:3,(anonymous_2)
FN:4,(anonymous_3)
FN:5,fulfilled
FN:6,rejected
FN:7,step
FN:18,(anonymous_7)
FN:18,(anonymous_8)
FN:22,(anonymous_9)
FN:22,(anonymous_10)
FN:26,(anonymous_11)
FN:26,(anonymous_12)
FN:30,(anonymous_13)
FN:30,(anonymous_14)
FN:34,(anonymous_15)
FN:34,(anonymous_16)
FNF:17
FNH:0
FNDA:0,(anonymous_0)
FNDA:0,adopt
FNDA:0,(anonymous_2)
FNDA:0,(anonymous_3)
FNDA:0,fulfilled
FNDA:0,rejected
FNDA:0,step
FNDA:0,(anonymous_7)
FNDA:0,(anonymous_8)
FNDA:0,(anonymous_9)
FNDA:0,(anonymous_10)
FNDA:0,(anonymous_11)
FNDA:0,(anonymous_12)
FNDA:0,(anonymous_13)
FNDA:0,(anonymous_14)
FNDA:0,(anonymous_15)
FNDA:0,(anonymous_16)
DA:2,1
DA:3,0
DA:4,0
DA:5,0
DA:6,0
DA:7,0
DA:8,0
DA:11,1
DA:12,1
DA:13,1
DA:14,1
DA:15,1
DA:16,1
DA:17,1
DA:18,1
DA:19,0
DA:20,0
DA:22,1
DA:23,0
DA:24,0
DA:26,1
DA:27,0
DA:28,0
DA:30,1
DA:31,0
DA:32,0
DA:34,1
DA:35,0
DA:36,0
LF:29
LH:13
BRDA:2,0,0,1
BRDA:2,0,1,1
BRDA:2,0,2,1
BRDA:3,1,0,0
BRDA:3,1,1,0
BRDA:4,2,0,0
BRDA:4,2,1,0
BRDA:7,3,0,0
BRDA:7,3,1,0
BRDA:8,4,0,0
BRDA:8,4,1,0
BRF:11
BRH:3
end_of_record
TN:
SF:dist\modules\goal\goal.model.js
FNF:0
FNH:0
DA:2,1
DA:3,1
DA:4,1
DA:5,1
DA:12,1
LF:5
LH:5
BRF:0
BRH:0
end_of_record
TN:
SF:dist\modules\goal\goal.service.js
FN:2,(anonymous_0)
FN:3,adopt
FN:3,(anonymous_2)
FN:4,(anonymous_3)
FN:5,fulfilled
FN:6,rejected
FN:7,step
FN:14,createGoal
FN:15,(anonymous_8)
FN:21,getAllGoal
FN:22,(anonymous_10)
FN:28,getOneGoal
FN:29,(anonymous_12)
FN:35,deleteGoal
FN:36,(anonymous_14)
FN:42,updateGoal
FN:43,(anonymous_16)
FNF:17
FNH:0
FNDA:0,(anonymous_0)
FNDA:0,adopt
FNDA:0,(anonymous_2)
FNDA:0,(anonymous_3)
FNDA:0,fulfilled
FNDA:0,rejected
FNDA:0,step
FNDA:0,createGoal
FNDA:0,(anonymous_8)
FNDA:0,getAllGoal
FNDA:0,(anonymous_10)
FNDA:0,getOneGoal
FNDA:0,(anonymous_12)
FNDA:0,deleteGoal
FNDA:0,(anonymous_14)
FNDA:0,updateGoal
FNDA:0,(anonymous_16)
DA:2,1
DA:3,0
DA:4,0
DA:5,0
DA:6,0
DA:7,0
DA:8,0
DA:11,1
DA:12,1
DA:13,1
DA:15,0
DA:16,0
DA:17,0
DA:20,1
DA:22,0
DA:23,0
DA:24,0
DA:27,1
DA:29,0
DA:30,0
DA:31,0
DA:34,1
DA:36,0
DA:37,0
DA:38,0
DA:41,1
DA:43,0
DA:44,0
DA:47,0
DA:50,1
LF:30
LH:9
BRDA:2,0,0,1
BRDA:2,0,1,1
BRDA:2,0,2,1
BRDA:3,1,0,0
BRDA:3,1,1,0
BRDA:4,2,0,0
BRDA:4,2,1,0
BRDA:7,3,0,0
BRDA:7,3,1,0
BRDA:8,4,0,0
BRDA:8,4,1,0
BRF:11
BRH:3
end_of_record
TN:
SF:dist\modules\goal\goal.validator.js
FN:5,validateCreateGoal
FN:31,(anonymous_1)
FN:41,validateEditGoal
FN:70,(anonymous_3)
FNF:4
FNH:2
FNDA:1,validateCreateGoal
FNDA:0,(anonymous_1)
FNDA:1,validateEditGoal
FNDA:0,(anonymous_3)
DA:2,1
DA:3,1
DA:4,1
DA:6,1
DA:32,0
DA:33,0
DA:34,0
DA:36,0
DA:40,1
DA:42,1
DA:71,0
DA:72,0
DA:73,0
DA:75,0
DA:79,1
LF:15
LH:7
BRDA:33,0,0,0
BRDA:33,0,1,0
BRDA:72,1,0,0
BRDA:72,1,1,0
BRF:4
BRH:0
end_of_record
TN:
SF:dist\modules\todo\todo.controller.js
FN:2,(anonymous_0)
FN:3,adopt
FN:3,(anonymous_2)
FN:4,(anonymous_3)
FN:5,fulfilled
FN:6,rejected
FN:7,step
FN:18,(anonymous_7)
FN:18,(anonymous_8)
FN:22,(anonymous_9)
FN:22,(anonymous_10)
FN:26,(anonymous_11)
FN:26,(anonymous_12)
FN:30,(anonymous_13)
FN:30,(anonymous_14)
FN:34,(anonymous_15)
FN:34,(anonymous_16)
FNF:17
FNH:0
FNDA:0,(anonymous_0)
FNDA:0,adopt
FNDA:0,(anonymous_2)
FNDA:0,(anonymous_3)
FNDA:0,fulfilled
FNDA:0,rejected
FNDA:0,step
FNDA:0,(anonymous_7)
FNDA:0,(anonymous_8)
FNDA:0,(anonymous_9)
FNDA:0,(anonymous_10)
FNDA:0,(anonymous_11)
FNDA:0,(anonymous_12)
FNDA:0,(anonymous_13)
FNDA:0,(anonymous_14)
FNDA:0,(anonymous_15)
FNDA:0,(anonymous_16)
DA:2,1
DA:3,0
DA:4,0
DA:5,0
DA:6,0
DA:7,0
DA:8,0
DA:11,1
DA:12,1
DA:13,1
DA:14,1
DA:15,1
DA:16,1
DA:17,1
DA:18,1
DA:19,0
DA:20,0
DA:22,1
DA:23,0
DA:24,0
DA:26,1
DA:27,0
DA:28,0
DA:30,1
DA:31,0
DA:32,0
DA:34,1
DA:35,0
DA:36,0
LF:29
LH:13
BRDA:2,0,0,1
BRDA:2,0,1,1
BRDA:2,0,2,1
BRDA:3,1,0,0
BRDA:3,1,1,0
BRDA:4,2,0,0
BRDA:4,2,1,0
BRDA:7,3,0,0
BRDA:7,3,1,0
BRDA:8,4,0,0
BRDA:8,4,1,0
BRF:11
BRH:3
end_of_record
TN:
SF:dist\modules\todo\todo.model.js
FNF:0
FNH:0
DA:2,1
DA:3,1
DA:4,1
DA:5,1
DA:10,1
LF:5
LH:5
BRF:0
BRH:0
end_of_record
TN:
SF:dist\modules\todo\todo.service.js
FN:2,(anonymous_0)
FN:3,adopt
FN:3,(anonymous_2)
FN:4,(anonymous_3)
FN:5,fulfilled
FN:6,rejected
FN:7,step
FN:15,createTodo
FN:16,(anonymous_8)
FN:25,updateTodo
FN:26,(anonymous_10)
FN:34,getAllTodo
FN:35,(anonymous_12)
FN:41,getOneTodo
FN:42,(anonymous_14)
FN:48,deleteTodo
FN:49,(anonymous_16)
FNF:17
FNH:0
FNDA:0,(anonymous_0)
FNDA:0,adopt
FNDA:0,(anonymous_2)
FNDA:0,(anonymous_3)
FNDA:0,fulfilled
FNDA:0,rejected
FNDA:0,step
FNDA:0,createTodo
FNDA:0,(anonymous_8)
FNDA:0,updateTodo
FNDA:0,(anonymous_10)
FNDA:0,getAllTodo
FNDA:0,(anonymous_12)
FNDA:0,getOneTodo
FNDA:0,(anonymous_14)
FNDA:0,deleteTodo
FNDA:0,(anonymous_16)
DA:2,1
DA:3,0
DA:4,0
DA:5,0
DA:6,0
DA:7,0
DA:8,0
DA:11,1
DA:12,1
DA:13,1
DA:14,1
DA:16,0
DA:17,0
DA:18,0
DA:21,0
DA:24,1
DA:26,0
DA:27,0
DA:30,0
DA:33,1
DA:35,0
DA:36,0
DA:37,0
DA:40,1
DA:42,0
DA:43,0
DA:44,0
DA:47,1
DA:49,0
DA:50,0
DA:51,0
DA:54,1
LF:32
LH:10
BRDA:2,0,0,1
BRDA:2,0,1,1
BRDA:2,0,2,1
BRDA:3,1,0,0
BRDA:3,1,1,0
BRDA:4,2,0,0
BRDA:4,2,1,0
BRDA:7,3,0,0
BRDA:7,3,1,0
BRDA:8,4,0,0
BRDA:8,4,1,0
BRF:11
BRH:3
end_of_record
TN:
SF:dist\modules\todo\todo.validator.js
FN:5,validateCreateTodo
FN:23,(anonymous_1)
FN:33,validateEditTodo
FN:53,(anonymous_3)
FNF:4
FNH:2
FNDA:1,validateCreateTodo
FNDA:0,(anonymous_1)
FNDA:1,validateEditTodo
FNDA:0,(anonymous_3)
DA:2,1
DA:3,1
DA:4,1
DA:6,1
DA:24,0
DA:25,0
DA:26,0
DA:28,0
DA:32,1
DA:34,1
DA:54,0
DA:55,0
DA:56,0
DA:58,0
DA:62,1
LF:15
LH:7
BRDA:25,0,0,0
BRDA:25,0,1,0
BRDA:55,1,0,0
BRDA:55,1,1,0
BRF:4
BRH:0
end_of_record
TN:
SF:helper\validator.ts
FN:4,mongoIdValidator
FN:11,(anonymous_1)
FNF:2
FNH:1
FNDA:6,mongoIdValidator
FNDA:0,(anonymous_1)
DA:1,1
DA:4,1
DA:5,6
DA:12,0
DA:13,0
DA:14,0
DA:16,0
LF:7
LH:3
BRDA:13,0,0,0
BRF:1
BRH:0
end_of_record
TN:
SF:modules\goal\goal.controller.ts
FN:8,(anonymous_7)
FN:8,(anonymous_8)
FN:13,(anonymous_9)
FN:13,(anonymous_10)
FN:18,(anonymous_11)
FN:18,(anonymous_12)
FN:23,(anonymous_13)
FN:23,(anonymous_14)
FN:28,(anonymous_15)
FN:28,(anonymous_16)
FNF:10
FNH:0
FNDA:0,(anonymous_7)
FNDA:0,(anonymous_8)
FNDA:0,(anonymous_9)
FNDA:0,(anonymous_10)
FNDA:0,(anonymous_11)
FNDA:0,(anonymous_12)
FNDA:0,(anonymous_13)
FNDA:0,(anonymous_14)
FNDA:0,(anonymous_15)
FNDA:0,(anonymous_16)
DA:1,1
DA:2,1
DA:3,1
DA:4,1
DA:6,1
DA:8,1
DA:9,0
DA:10,0
DA:13,1
DA:14,0
DA:15,0
DA:18,1
DA:19,0
DA:20,0
DA:23,1
DA:24,0
DA:25,0
DA:28,1
DA:29,0
DA:30,0
LF:20
LH:10
BRF:0
BRH:0
end_of_record
TN:
SF:modules\goal\goal.model.ts
FNF:0
FNH:0
DA:1,1
DA:11,1
DA:19,1
LF:3
LH:3
BRF:0
BRH:0
end_of_record
TN:
SF:modules\goal\goal.service.ts
FN:3,createGoal
FN:8,getAllGoal
FN:13,getOneGoal
FN:18,deleteGoal
FN:23,updateGoal
FNF:5
FNH:0
FNDA:0,createGoal
FNDA:0,getAllGoal
FNDA:0,getOneGoal
FNDA:0,deleteGoal
FNDA:0,updateGoal
DA:1,1
DA:3,1
DA:4,0
DA:5,0
DA:8,1
DA:9,0
DA:10,0
DA:13,1
DA:14,0
DA:15,0
DA:18,1
DA:19,0
DA:20,0
DA:23,1
DA:24,0
DA:28,0
LF:16
LH:6
BRF:0
BRH:0
end_of_record
TN:
SF:modules\goal\goal.validator.ts
FN:4,validateCreateGoal
FN:30,(anonymous_1)
FN:40,validateEditGoal
FN:69,(anonymous_3)
FNF:4
FNH:2
FNDA:1,validateCreateGoal
FNDA:0,(anonymous_1)
FNDA:1,validateEditGoal
FNDA:0,(anonymous_3)
DA:1,1
DA:4,1
DA:5,1
DA:31,0
DA:32,0
DA:33,0
DA:35,0
DA:40,1
DA:41,1
DA:70,0
DA:71,0
DA:72,0
DA:74,0
LF:13
LH:5
BRDA:32,0,0,0
BRDA:71,1,0,0
BRF:2
BRH:0
end_of_record
TN:
SF:modules\todo\todo.controller.ts
FN:8,(anonymous_7)
FN:8,(anonymous_8)
FN:13,(anonymous_9)
FN:13,(anonymous_10)
FN:18,(anonymous_11)
FN:18,(anonymous_12)
FN:23,(anonymous_13)
FN:23,(anonymous_14)
FN:28,(anonymous_15)
FN:28,(anonymous_16)
FNF:10
FNH:0
FNDA:0,(anonymous_7)
FNDA:0,(anonymous_8)
FNDA:0,(anonymous_9)
FNDA:0,(anonymous_10)
FNDA:0,(anonymous_11)
FNDA:0,(anonymous_12)
FNDA:0,(anonymous_13)
FNDA:0,(anonymous_14)
FNDA:0,(anonymous_15)
FNDA:0,(anonymous_16)
DA:1,1
DA:2,1
DA:3,1
DA:4,1
DA:6,1
DA:8,1
DA:9,0
DA:10,0
DA:13,1
DA:14,0
DA:15,0
DA:18,1
DA:19,0
DA:20,0
DA:23,1
DA:24,0
DA:25,0
DA:28,1
DA:29,0
DA:30,0
LF:20
LH:10
BRF:0
BRH:0
end_of_record
TN:
SF:modules\todo\todo.model.ts
FNF:0
FNH:0
DA:1,1
DA:9,1
DA:15,1
LF:3
LH:3
BRF:0
BRH:0
end_of_record
TN:
SF:modules\todo\todo.service.ts
FN:4,createTodo
FN:17,updateTodo
FN:24,getAllTodo
FN:29,getOneTodo
FN:34,deleteTodo
FNF:5
FNH:0
FNDA:0,createTodo
FNDA:0,updateTodo
FNDA:0,getAllTodo
FNDA:0,getOneTodo
FNDA:0,deleteTodo
DA:1,1
DA:2,1
DA:4,1
DA:5,0
DA:6,0
DA:14,0
DA:17,1
DA:18,0
DA:21,0
DA:24,1
DA:25,0
DA:26,0
DA:29,1
DA:30,0
DA:31,0
DA:34,1
DA:35,0
DA:36,0
LF:18
LH:7
BRF:0
BRH:0
end_of_record
TN:
SF:modules\todo\todo.validator.ts
FN:4,validateCreateTodo
FN:22,(anonymous_1)
FN:32,validateEditTodo
FN:52,(anonymous_3)
FNF:4
FNH:2
FNDA:1,validateCreateTodo
FNDA:0,(anonymous_1)
FNDA:1,validateEditTodo
FNDA:0,(anonymous_3)
DA:1,1
DA:4,1
DA:5,1
DA:23,0
DA:24,0
DA:25,0
DA:27,0
DA:32,1
DA:33,1
DA:53,0
DA:54,0
DA:55,0
DA:57,0
LF:13
LH:5
BRDA:24,0,0,0
BRDA:54,1,0,0
BRF:2
BRH:0
end_of_record
